<?xml version="1.0" encoding="UTF-8"?>
<!-- Generated by org.testng.reporters.JUnitXMLReporter -->
<testsuite ignored="0" hostname="catl0wpab85349" failures="1" tests="3" name="Error Validtion test" time="34.433" errors="0" timestamp="2025-01-21T21:30:17 EST">
  <testcase classname="Selenium.SeleniumFrameworkDesign.t.ErrorValidationTest" name="loginErrorValid" time="1.599">
    <skipped/>
  </testcase> <!-- loginErrorValid -->
  <testcase classname="Selenium.SeleniumFrameworkDesign.t.ErrorValidationTest" name="loginErrorValid" time="1.573">
    <failure type="java.lang.AssertionError" message="expected:&amp;lt;Incorrect email password.&amp;gt; but was:&amp;lt;Incorrect email or password.&amp;gt;">
      <![CDATA[java.lang.AssertionError: expected:<Incorrect email password.> but was:<Incorrect email or password.>
at Selenium.SeleniumFrameworkDesign.t.ErrorValidationTest.loginErrorValid(ErrorValidationTest.java:24)
at java.base/java.util.ArrayList.forEach(ArrayList.java:1596)
at java.base/java.util.concurrent.FutureTask.run(FutureTask.java:317)
at java.base/java.util.concurrent.ThreadPoolExecutor.runWorker(ThreadPoolExecutor.java:1144)
at java.base/java.util.concurrent.ThreadPoolExecutor$Worker.run(ThreadPoolExecutor.java:642)
at java.base/java.lang.Thread.run(Thread.java:1583)
... Removed 18 stack frames]]>
    </failure>
  </testcase> <!-- loginErrorValid -->
  <testcase classname="Selenium.SeleniumFrameworkDesign.t.ErrorValidationTest" name="prodErrValid" time="8.066"/>
</testsuite> <!-- Error Validtion test -->
