<!DOCTYPE html PUBLIC "-//W3C//DTD XHTML 1.1//EN" "https://www.w3.org/TR/xhtml11/DTD/xhtml11.dtd">
<html xmlns="https://www.w3.org/1999/xhtml">
<head>
<meta http-equiv="content-type" content="text/html; charset=UTF-8"/>
<title>TestNG Report</title>
<style type="text/css">table {margin-bottom:10px;border-collapse:collapse;empty-cells:show}th,td {border:1px solid #009;padding:.25em .5em}th {vertical-align:bottom}td {vertical-align:top}table a {font-weight:bold}.stripe td {background-color: #E6EBF9}.num {text-align:right}.passedodd td {background-color: #3F3}.passedeven td {background-color: #0A0}.skippedodd td {background-color: #DDD}.skippedeven td {background-color: #CCC}.failedodd td,.attn {background-color: #F33}.failedeven td,.stripe .attn {background-color: #D00}.stacktrace {white-space:pre;font-family:monospace}.totop {font-size:85%;text-align:center;border-bottom:2px solid #000}.invisible {display:none}</style>
</head>
<body>
<table>
<tr><th>Test</th><th># Passed</th><th># Skipped</th><th># Retried</th><th># Failed</th><th>Time (ms)</th><th>Included Groups</th><th>Excluded Groups</th></tr>
<tr><th colspan="8">Suite</th></tr>
<tr><td><a href="#t0">Error Validtion test</a></td><td class="num">1</td><td class="num">0</td><td class="num attn">1</td><td class="num attn">1</td><td class="num">31,529</td><td></td><td></td></tr>
<tr class="stripe"><td><a href="#t1">submit order test</a></td><td class="num">3</td><td class="num">0</td><td class="num">0</td><td class="num">0</td><td class="num">40,695</td><td></td><td></td></tr>
<tr><th>Total</th><th class="num">4</th><th class="num">0</th><th class="num attn">1</th><th class="num attn">1</th><th class="num">72,224</th><th colspan="2"></th></tr>
</table>
<table id='summary'><thead><tr><th>Class</th><th>Method</th><th>Start</th><th>Time (ms)</th></tr></thead><tbody><tr><th colspan="4">Suite</th></tr></tbody><tbody id="t0"><tr><th colspan="4">Error Validtion test &#8212; failed</th></tr><tr class="failedeven"><td rowspan="1">Selenium.SeleniumFrameworkDesign.t.ErrorValidationTest</td><td><a href="#m0">loginErrorValid</a></td><td rowspan="1">1737652183011</td><td rowspan="1">1373</td></tr><tr><th colspan="4">Error Validtion test &#8212; retried</th></tr><tr class="retriedeven"><td rowspan="1">Selenium.SeleniumFrameworkDesign.t.ErrorValidationTest</td><td><a href="#m1">loginErrorValid</a></td><td rowspan="1">1737652176061</td><td rowspan="1">1688</td></tr><tr><th colspan="4">Error Validtion test &#8212; passed</th></tr><tr class="passedeven"><td rowspan="1">Selenium.SeleniumFrameworkDesign.t.ErrorValidationTest</td><td><a href="#m2">prodErrValid</a></td><td rowspan="1">1737652188834</td><td rowspan="1">9622</td></tr></tbody>
<tbody id="t1"><tr><th colspan="4">submit order test &#8212; passed</th></tr><tr class="passedeven"><td rowspan="3">Selenium.SeleniumFrameworkDesign.t.StandaloneTest</td><td><a href="#m3">Order</a></td><td rowspan="2">1737652191786</td><td rowspan="2">9438</td></tr><tr class="passedeven"><td><a href="#m4">Order</a></td></tr><tr class="passedeven"><td><a href="#m5">OrderHistoryCheck</a></td><td rowspan="1">1737652206703</td><td rowspan="1">1345</td></tr></tbody>
</table>
<h2>Error Validtion test</h2><h3 id="m0">Selenium.SeleniumFrameworkDesign.t.ErrorValidationTest#loginErrorValid</h3><table class="result"><tr><th>Exception</th></tr><tr><td><div class="stacktrace">java.lang.AssertionError: expected [Incorrect email or password.] but found [Incorrect email password.]
	at Selenium.SeleniumFrameworkDesign.t.ErrorValidationTest.loginErrorValid(ErrorValidationTest.java:24)
	at java.base/java.util.ArrayList.forEach(ArrayList.java:1596)
	at java.base/java.util.concurrent.FutureTask.run(FutureTask.java:317)
	at java.base/java.util.concurrent.ThreadPoolExecutor.runWorker(ThreadPoolExecutor.java:1144)
	at java.base/java.util.concurrent.ThreadPoolExecutor$Worker.run(ThreadPoolExecutor.java:642)
	at java.base/java.lang.Thread.run(Thread.java:1583)
... Removed 21 stack frames</div></td></tr></table><p class="totop"><a href="#summary">back to summary</a></p>
<h3 id="m1">Selenium.SeleniumFrameworkDesign.t.ErrorValidationTest#loginErrorValid</h3><table class="result"><tr><th>Exception</th></tr><tr><td><div class="stacktrace">java.lang.AssertionError: expected [Incorrect email or password.] but found [Incorrect email password.]
	at Selenium.SeleniumFrameworkDesign.t.ErrorValidationTest.loginErrorValid(ErrorValidationTest.java:24)
	at java.base/java.util.ArrayList.forEach(ArrayList.java:1596)
	at java.base/java.util.concurrent.FutureTask.run(FutureTask.java:317)
	at java.base/java.util.concurrent.ThreadPoolExecutor.runWorker(ThreadPoolExecutor.java:1144)
	at java.base/java.util.concurrent.ThreadPoolExecutor$Worker.run(ThreadPoolExecutor.java:642)
	at java.base/java.lang.Thread.run(Thread.java:1583)
... Removed 21 stack frames</div></td></tr></table><p class="totop"><a href="#summary">back to summary</a></p>
<h3 id="m2">Selenium.SeleniumFrameworkDesign.t.ErrorValidationTest#prodErrValid</h3><table class="result"><tr><th class="invisible"/></tr></table><p class="totop"><a href="#summary">back to summary</a></p>
<h2>submit order test</h2><h3 id="m3">Selenium.SeleniumFrameworkDesign.t.StandaloneTest#Order</h3><table class="result"><tr class="param"><th>Parameter #1</th></tr><tr class="param stripe"><td>{ProName=QWERTY, password=Test@123, email=saiswaroop@gmail.com}</td></tr></table><p class="totop"><a href="#summary">back to summary</a></p>
<h3 id="m4">Selenium.SeleniumFrameworkDesign.t.StandaloneTest#Order</h3><table class="result"><tr class="param"><th>Parameter #1</th></tr><tr class="param stripe"><td>{ProName=IPHONE 13 PRO, password=Test@123, email=swaroop@gmail.com}</td></tr></table><p class="totop"><a href="#summary">back to summary</a></p>
<h3 id="m5">Selenium.SeleniumFrameworkDesign.t.StandaloneTest#OrderHistoryCheck</h3><table class="result"><tr><th class="invisible"/></tr></table><p class="totop"><a href="#summary">back to summary</a></p>
</body>
</html>
